<?xml version="1.0" encoding="UTF-8"?>
<!-- Generated by org.testng.reporters.JUnitReportReporter -->
<testsuite hostname="DESKTOP-EE4TE48" failures="0" tests="1" name="com.sample.TestScripts.Linkdin_Test" time="5.683" errors="0" timestamp="2024-07-27T21:02:13 IST" skipped="0">
  <testcase classname="com.sample.TestScripts.Linkdin_Test" name="executeScript" time="5.683"/>
</testsuite> <!-- com.sample.TestScripts.Linkdin_Test -->
