<?xml version="1.0" encoding="UTF-8"?>
<!-- Generated by org.testng.reporters.JUnitReportReporter -->
<testsuite hostname="DESKTOP-EE4TE48" failures="0" tests="1" name="com.groupExecutionClasses.VickyKaushal" time="5.873" errors="0" timestamp="2024-07-26T16:41:45 IST" skipped="0">
  <testcase classname="com.groupExecutionClasses.VickyKaushal" name="executeScript" time="5.873">
    <system-out>
      <![CDATA[VK]]>
    </system-out>
  </testcase> <!-- executeScript -->
  <system-out>
    <![CDATA[AA
VK
Yash
puneeth]]>
  </system-out>
</testsuite> <!-- com.groupExecutionClasses.VickyKaushal -->
